2021-10-06T02:31:43+00:00 INFO POST https://api.sandbox.paypal.com/v1/oauth2/token
2021-10-06T02:31:44+00:00 DEBUG Request Headers 	: POST /v1/oauth2/token HTTP/1.1, Host: api.sandbox.paypal.com, User-Agent: PayPalSDK/PayPal-PHP-SDK 1.14.0 (platform-ver=7.2.34; bit=64; os=Linux_3.10.0-962.3.2.lve1.5.26.4.el7.x86_64; machine=x86_64; crypto-lib-ver=1.1.1d; curl=7.71.0), Authorization: Basic Og==, Accept: */*, PayPal-Partner-Attribution-Id: WooCommerce_Cart_Plus, Content-Length: 29, Content-Type: application/x-www-form-urlencoded, , 
2021-10-06T02:31:44+00:00 DEBUG Request Data		: grant_type=client_credentials
--------------------------------------------------------------------------------------------------------------------------------

2021-10-06T02:31:44+00:00 INFO Response Status 	: 401
2021-10-06T02:31:44+00:00 DEBUG Response Headers	: Content-Type: application/json, Content-Length: 77, Connection: keep-alive, Date: Wed, 06 Oct 2021 02:31:44 GMT, Cache-Control: max-age=0, no-cache, no-store, must-revalidate, Paypal-Debug-Id: 566cb1ad037d, X-Paypal-Token-Service: IAAS, Strict-Transport-Security: max-age=31536000; includeSubDomains, 
2021-10-06T02:31:44+00:00 ERROR Got Http response code 401 when accessing https://api.sandbox.paypal.com/v1/oauth2/token. {"error":"invalid_client","error_description":"Client Authentication failed"}
2021-10-06T02:31:44+00:00 DEBUG 

================================================================================================================================

2021-10-06T02:31:45+00:00 INFO POST https://api.sandbox.paypal.com/v1/oauth2/token
2021-10-06T02:31:46+00:00 DEBUG Request Headers 	: POST /v1/oauth2/token HTTP/1.1, Host: api.sandbox.paypal.com, User-Agent: PayPalSDK/PayPal-PHP-SDK 1.14.0 (platform-ver=7.2.34; bit=64; os=Linux_3.10.0-962.3.2.lve1.5.26.4.el7.x86_64; machine=x86_64; crypto-lib-ver=1.1.1d; curl=7.71.0), Authorization: Basic Og==, Accept: */*, PayPal-Partner-Attribution-Id: WooCommerce_Cart_Plus, Content-Length: 29, Content-Type: application/x-www-form-urlencoded, , 
2021-10-06T02:31:46+00:00 DEBUG Request Data		: grant_type=client_credentials
--------------------------------------------------------------------------------------------------------------------------------

2021-10-06T02:31:46+00:00 INFO Response Status 	: 401
2021-10-06T02:31:46+00:00 DEBUG Response Headers	: Content-Type: application/json, Content-Length: 77, Connection: keep-alive, Date: Wed, 06 Oct 2021 02:31:46 GMT, Cache-Control: max-age=0, no-cache, no-store, must-revalidate, Paypal-Debug-Id: d15f90cc70788, X-Paypal-Token-Service: IAAS, Strict-Transport-Security: max-age=31536000; includeSubDomains, 
2021-10-06T02:31:46+00:00 ERROR Got Http response code 401 when accessing https://api.sandbox.paypal.com/v1/oauth2/token. {"error":"invalid_client","error_description":"Client Authentication failed"}
2021-10-06T02:31:46+00:00 DEBUG 

================================================================================================================================

2021-10-06T02:31:54+00:00 ERROR Impossible to update the order, payment id  is not valid.
2021-10-06T02:32:01+00:00 INFO POST https://api.sandbox.paypal.com/v1/oauth2/token
2021-10-06T02:32:02+00:00 DEBUG Request Headers 	: POST /v1/oauth2/token HTTP/1.1, Host: api.sandbox.paypal.com, User-Agent: PayPalSDK/PayPal-PHP-SDK 1.14.0 (platform-ver=7.2.34; bit=64; os=Linux_3.10.0-962.3.2.lve1.5.26.4.el7.x86_64; machine=x86_64; crypto-lib-ver=1.1.1d; curl=7.71.0), Authorization: Basic Og==, Accept: */*, PayPal-Partner-Attribution-Id: WooCommerce_Cart_Plus, Content-Length: 29, Content-Type: application/x-www-form-urlencoded, , 
2021-10-06T02:32:02+00:00 DEBUG Request Data		: grant_type=client_credentials
--------------------------------------------------------------------------------------------------------------------------------

2021-10-06T02:32:02+00:00 INFO Response Status 	: 401
2021-10-06T02:32:02+00:00 DEBUG Response Headers	: Content-Type: application/json, Content-Length: 77, Connection: keep-alive, Date: Wed, 06 Oct 2021 02:32:02 GMT, Cache-Control: max-age=0, no-cache, no-store, must-revalidate, Paypal-Debug-Id: c0973c1d87e36, X-Paypal-Token-Service: IAAS, Strict-Transport-Security: max-age=31536000; includeSubDomains, 
2021-10-06T02:32:02+00:00 ERROR Got Http response code 401 when accessing https://api.sandbox.paypal.com/v1/oauth2/token. {"error":"invalid_client","error_description":"Client Authentication failed"}
2021-10-06T02:32:02+00:00 DEBUG 

================================================================================================================================

